<?xml version="1.0" encoding="UTF-8"?>
<!-- Generated by org.testng.reporters.JUnitXMLReporter -->
<testsuite ignored="0" hostname="CC-LT001062" failures="0" tests="3" name="Test" time="38.313" errors="0" timestamp="2024-02-01T17:23:27 IST">
  <testcase classname="amazon.Test.ProductDeatailsTest" name="@BeforeMethod setUp" time="33.447">
    <failure type="org.openqa.selenium.TimeoutException" message="timeout: Timed out receiving message from renderer: 5.000
  (Session info: chrome=121.0.6167.85)
Build info: version: &amp;apos;4.17.0&amp;apos;, revision: &amp;apos;e52b1be057*&amp;apos;
System info: os.name: &amp;apos;Windows 11&amp;apos;, os.arch: &amp;apos;amd64&amp;apos;, os.version: &amp;apos;10.0&amp;apos;, java.version: &amp;apos;21.0.1&amp;apos;
Driver info: org.openqa.selenium.chrome.ChromeDriver
Command: [586fb526a18e19f6615691a35820b1ed, clickElement {id=9C34D41DCE0EC8959E3CF629296AB9AD_element_331}]
Capabilities {acceptInsecureCerts: false, browserName: chrome, browserVersion: 121.0.6167.85, chrome: {chromedriverVersion: 121.0.6167.85 (3f98d690ad7e..., userDataDir: C:\Users\DHEERE~1\AppData\L...}, fedcm:accounts: true, goog:chromeOptions: {debuggerAddress: localhost:63325}, networkConnectionEnabled: false, pageLoadStrategy: normal, platformName: windows, proxy: Proxy(), se:cdp: ws://localhost:63325/devtoo..., se:cdpVersion: 121.0.6167.85, setWindowRect: true, strictFileInteractability: false, timeouts: {implicit: 0, pageLoad: 300000, script: 30000}, unhandledPromptBehavior: dismiss and notify, webauthn:extension:credBlob: true, webauthn:extension:largeBlob: true, webauthn:extension:minPinLength: true, webauthn:extension:prf: true, webauthn:virtualAuthenticators: true}
Element: [[ChromeDriver: chrome on windows (586fb526a18e19f6615691a35820b1ed)] -&amp;gt; xpath: //div[@class=&amp;apos;a-section a-spacing-small a-spacing-top-small&amp;apos;]//span[contains(text(),&amp;apos;Google Pixel 8 Pro - Unlocked Android Smartphone with Telephoto Lens and Super Actua Display&amp;apos;)]|//span[contains(text(),&amp;apos;Pixel 8 Pro - Unlocked Android Smartphone with Telephoto Lens and Super Actua Display - 24-Hour Battery - Porcelain - 128 GB&amp;apos;)]]
Session ID: 586fb526a18e19f6615691a35820b1ed">
      <![CDATA[org.openqa.selenium.TimeoutException: timeout: Timed out receiving message from renderer: 5.000
  (Session info: chrome=121.0.6167.85)
Build info: version: '4.17.0', revision: 'e52b1be057*'
System info: os.name: 'Windows 11', os.arch: 'amd64', os.version: '10.0', java.version: '21.0.1'
Driver info: org.openqa.selenium.chrome.ChromeDriver
Command: [586fb526a18e19f6615691a35820b1ed, clickElement {id=9C34D41DCE0EC8959E3CF629296AB9AD_element_331}]
Capabilities {acceptInsecureCerts: false, browserName: chrome, browserVersion: 121.0.6167.85, chrome: {chromedriverVersion: 121.0.6167.85 (3f98d690ad7e..., userDataDir: C:\Users\DHEERE~1\AppData\L...}, fedcm:accounts: true, goog:chromeOptions: {debuggerAddress: localhost:63325}, networkConnectionEnabled: false, pageLoadStrategy: normal, platformName: windows, proxy: Proxy(), se:cdp: ws://localhost:63325/devtoo..., se:cdpVersion: 121.0.6167.85, setWindowRect: true, strictFileInteractability: false, timeouts: {implicit: 0, pageLoad: 300000, script: 30000}, unhandledPromptBehavior: dismiss and notify, webauthn:extension:credBlob: true, webauthn:extension:largeBlob: true, webauthn:extension:minPinLength: true, webauthn:extension:prf: true, webauthn:virtualAuthenticators: true}
Element: [[ChromeDriver: chrome on windows (586fb526a18e19f6615691a35820b1ed)] -> xpath: //div[@class='a-section a-spacing-small a-spacing-top-small']//span[contains(text(),'Google Pixel 8 Pro - Unlocked Android Smartphone with Telephoto Lens and Super Actua Display')]|//span[contains(text(),'Pixel 8 Pro - Unlocked Android Smartphone with Telephoto Lens and Super Actua Display - 24-Hour Battery - Porcelain - 128 GB')]]
Session ID: 586fb526a18e19f6615691a35820b1ed
at org.openqa.selenium.remote.codec.w3c.W3CHttpResponseCodec.createException(W3CHttpResponseCodec.java:185)
at org.openqa.selenium.remote.codec.w3c.W3CHttpResponseCodec.decode(W3CHttpResponseCodec.java:134)
at org.openqa.selenium.remote.codec.w3c.W3CHttpResponseCodec.decode(W3CHttpResponseCodec.java:51)
at org.openqa.selenium.remote.HttpCommandExecutor.execute(HttpCommandExecutor.java:190)
at org.openqa.selenium.remote.service.DriverCommandExecutor.invokeExecute(DriverCommandExecutor.java:216)
at org.openqa.selenium.remote.service.DriverCommandExecutor.execute(DriverCommandExecutor.java:174)
at org.openqa.selenium.remote.RemoteWebDriver.execute(RemoteWebDriver.java:519)
at org.openqa.selenium.remote.RemoteWebElement.execute(RemoteWebElement.java:223)
at org.openqa.selenium.remote.RemoteWebElement.click(RemoteWebElement.java:76)
at org.openqa.selenium.support.pagefactory.internal.LocatingElementHandler.invoke(LocatingElementHandler.java:51)
at jdk.proxy2/jdk.proxy2.$Proxy15.click(Unknown Source)
at amzon.Pages.SearchResultsPage.clickOnSearchedProduct(SearchResultsPage.java:30)
at amazon.Test.ProductDeatailsTest.setUp(ProductDeatailsTest.java:54)
at java.base/java.util.ArrayList.forEach(ArrayList.java:1596)
... Removed 34 stack frames]]>
    </failure>
  </testcase> <!-- @BeforeMethod setUp -->
  <testcase classname="amazon.Test.ProductDeatailsTest" name="@AfterMethod tearDown" time="0.0">
    <skipped/>
  </testcase> <!-- @AfterMethod tearDown -->
  <testcase classname="amazon.Test.ProductDeatailsTest" name="@BeforeMethod setUp" time="0.0">
    <skipped/>
  </testcase> <!-- @BeforeMethod setUp -->
  <testcase classname="amazon.Test.ProductDeatailsTest" name="@AfterMethod tearDown" time="0.0">
    <skipped/>
  </testcase> <!-- @AfterMethod tearDown -->
  <testcase classname="amazon.Test.ProductDeatailsTest" name="@BeforeMethod setUp" time="0.0">
    <skipped/>
  </testcase> <!-- @BeforeMethod setUp -->
  <testcase classname="amazon.Test.ProductDeatailsTest" name="@AfterMethod tearDown" time="0.0">
    <skipped/>
  </testcase> <!-- @AfterMethod tearDown -->
  <testcase classname="amazon.Test.ProductDeatailsTest" name="verifySearchedProduct" time="0.0">
    <skipped/>
  </testcase> <!-- verifySearchedProduct -->
  <testcase classname="amazon.Test.ProductDeatailsTest" name="verifySearchedProduct" time="0.0">
    <skipped/>
  </testcase> <!-- verifySearchedProduct -->
  <testcase classname="amazon.Test.ProductDeatailsTest" name="verifySearchedProduct" time="0.0">
    <skipped/>
  </testcase> <!-- verifySearchedProduct -->
</testsuite> <!-- Test -->
